<?xml version="1.0" encoding="UTF-8"?>
<coverage generated="1566711563327" clover="3.2.0">
  <project timestamp="1566711563327" name="All files">
    <metrics statements="21" coveredstatements="21" conditionals="8" coveredconditionals="8" methods="4" coveredmethods="4" elements="33" coveredelements="33" complexity="0" loc="21" ncloc="21" packages="1" files="2" classes="2"/>
    <file name="gameNumber.ts" path="D:\my-blog\tdd-actual-combat\src\gameNumber.ts">
      <metrics statements="15" coveredstatements="15" conditionals="8" coveredconditionals="8" methods="3" coveredmethods="3"/>
      <line num="5" count="1" type="stmt"/>
      <line num="6" count="1777" type="stmt"/>
      <line num="12" count="1" type="stmt"/>
      <line num="13" count="604" type="cond" truecount="4" falsecount="0"/>
      <line num="14" count="37" type="stmt"/>
      <line num="16" count="567" type="cond" truecount="2" falsecount="0"/>
      <line num="17" count="163" type="stmt"/>
      <line num="19" count="404" type="cond" truecount="2" falsecount="0"/>
      <line num="20" count="85" type="stmt"/>
      <line num="22" count="319" type="stmt"/>
      <line num="29" count="1" type="stmt"/>
      <line num="30" count="6" type="stmt"/>
      <line num="31" count="6" type="stmt"/>
      <line num="32" count="600" type="stmt"/>
      <line num="34" count="6" type="stmt"/>
    </file>
    <file name="index.ts" path="D:\my-blog\tdd-actual-combat\src\index.ts">
      <metrics statements="6" coveredstatements="6" conditionals="0" coveredconditionals="0" methods="1" coveredmethods="1"/>
      <line num="1" count="1" type="stmt"/>
      <line num="4" count="1" type="stmt"/>
      <line num="8" count="1" type="stmt"/>
      <line num="9" count="1" type="stmt"/>
      <line num="10" count="1" type="stmt"/>
      <line num="11" count="1" type="stmt"/>
    </file>
  </project>
</coverage>
