{"D:\\my-blog\\tdd-actual-combat\\src\\gameNumber.ts": {"path":"D:\\my-blog\\tdd-actual-combat\\src\\gameNumber.ts","statementMap":{"0":{"start":{"line":6,"column":4},"end":{"line":6,"column":null}},"1":{"start":{"line":5,"column":0},"end":{"line":5,"column":16}},"2":{"start":{"line":13,"column":4},"end":{"line":15,"column":null}},"3":{"start":{"line":14,"column":8},"end":{"line":14,"column":null}},"4":{"start":{"line":16,"column":4},"end":{"line":18,"column":null}},"5":{"start":{"line":17,"column":8},"end":{"line":17,"column":null}},"6":{"start":{"line":19,"column":4},"end":{"line":21,"column":null}},"7":{"start":{"line":20,"column":8},"end":{"line":20,"column":null}},"8":{"start":{"line":22,"column":4},"end":{"line":22,"column":null}},"9":{"start":{"line":12,"column":0},"end":{"line":12,"column":16}},"10":{"start":{"line":30,"column":21},"end":{"line":30,"column":23}},"11":{"start":{"line":31,"column":4},"end":{"line":33,"column":null}},"12":{"start":{"line":31,"column":16},"end":{"line":31,"column":17}},"13":{"start":{"line":32,"column":8},"end":{"line":32,"column":null}},"14":{"start":{"line":34,"column":4},"end":{"line":34,"column":null}},"15":{"start":{"line":29,"column":0},"end":{"line":29,"column":16}}},"fnMap":{"0":{"name":"remainder","decl":{"start":{"line":5,"column":16},"end":{"line":5,"column":25}},"loc":{"start":{"line":5,"column":61},"end":{"line":7,"column":1}}},"1":{"name":"getNum","decl":{"start":{"line":12,"column":16},"end":{"line":12,"column":22}},"loc":{"start":{"line":12,"column":34},"end":{"line":23,"column":1}}},"2":{"name":"outNumber","decl":{"start":{"line":29,"column":16},"end":{"line":29,"column":25}},"loc":{"start":{"line":29,"column":40},"end":{"line":35,"column":1}}}},"branchMap":{"0":{"loc":{"start":{"line":13,"column":4},"end":{"line":15,"column":null}},"type":"if","locations":[{"start":{"line":13,"column":4},"end":{"line":15,"column":null}},{"start":{"line":13,"column":4},"end":{"line":15,"column":null}}]},"1":{"loc":{"start":{"line":13,"column":8},"end":{"line":13,"column":25}},"type":"binary-expr","locations":[{"start":{"line":13,"column":8},"end":{"line":13,"column":25}},{"start":{"line":13,"column":29},"end":{"line":13,"column":46}}]},"2":{"loc":{"start":{"line":16,"column":4},"end":{"line":18,"column":null}},"type":"if","locations":[{"start":{"line":16,"column":4},"end":{"line":18,"column":null}},{"start":{"line":16,"column":4},"end":{"line":18,"column":null}}]},"3":{"loc":{"start":{"line":19,"column":4},"end":{"line":21,"column":null}},"type":"if","locations":[{"start":{"line":19,"column":4},"end":{"line":21,"column":null}},{"start":{"line":19,"column":4},"end":{"line":21,"column":null}}]}},"s":{"0":1777,"1":1,"2":604,"3":37,"4":567,"5":163,"6":404,"7":85,"8":319,"9":1,"10":6,"11":6,"12":6,"13":600,"14":6,"15":1},"f":{"0":1777,"1":604,"2":6},"b":{"0":[37,567],"1":[604,200],"2":[163,404],"3":[85,319]}}
,"D:\\my-blog\\tdd-actual-combat\\src\\index.ts": {"path":"D:\\my-blog\\tdd-actual-combat\\src\\index.ts","statementMap":{"0":{"start":{"line":1,"column":0},"end":{"line":1,"column":9}},"1":{"start":{"line":8,"column":4},"end":{"line":1,"column":17}},"2":{"start":{"line":9,"column":4},"end":{"line":1,"column":28}},"3":{"start":{"line":11,"column":4},"end":{"line":1,"column":59}},"4":{"start":{"line":4,"column":4},"end":{"line":4,"column":17}},"5":{"start":{"line":10,"column":4},"end":{"line":10,"column":18}}},"fnMap":{"0":{"name":"sampleFunction","decl":{"start":{"line":3,"column":9},"end":{"line":3,"column":23}},"loc":{"start":{"line":3,"column":33},"end":{"line":5,"column":1}}}},"branchMap":{},"s":{"0":1,"1":1,"2":1,"3":1,"4":1,"5":1},"f":{"0":1},"b":{}}
}
