TN:
SF:D:\my-blog\tdd-actual-combat\src\gameNumber.ts
FN:5,remainder
FN:12,getNum
FN:29,outNumber
FNF:3
FNH:3
FNDA:1777,remainder
FNDA:604,getNum
FNDA:6,outNumber
DA:5,1
DA:6,1777
DA:12,1
DA:13,604
DA:14,37
DA:16,567
DA:17,163
DA:19,404
DA:20,85
DA:22,319
DA:29,1
DA:30,6
DA:31,6
DA:32,600
DA:34,6
LF:15
LH:15
BRDA:13,0,0,37
BRDA:13,0,1,567
BRDA:13,1,0,604
BRDA:13,1,1,200
BRDA:16,2,0,163
BRDA:16,2,1,404
BRDA:19,3,0,85
BRDA:19,3,1,319
BRF:8
BRH:8
end_of_record
TN:
SF:D:\my-blog\tdd-actual-combat\src\index.ts
FN:3,sampleFunction
FNF:1
FNH:1
FNDA:1,sampleFunction
DA:1,1
DA:4,1
DA:8,1
DA:9,1
DA:10,1
DA:11,1
LF:6
LH:6
BRF:0
BRH:0
end_of_record
